{
  "stats": {
    "suites": 1,
    "tests": 1,
    "passes": 1,
    "pending": 0,
    "failures": 0,
    "start": "2023-05-23T22:13:42.812Z",
    "end": "2023-05-23T22:13:45.472Z",
    "duration": 2660,
    "testsRegistered": 1,
    "passPercent": 100,
    "pendingPercent": 0,
    "other": 0,
    "hasOther": false,
    "skipped": 0,
    "hasSkipped": false
  },
  "results": [
    {
      "uuid": "cdb681e9-f1b0-44b5-84f6-6969938cda19",
      "title": "",
      "fullFile": "cypress\\e2e\\spec2.cy.js",
      "file": "cypress\\e2e\\spec2.cy.js",
      "beforeHooks": [],
      "afterHooks": [],
      "tests": [],
      "suites": [
        {
          "uuid": "1eb07d78-32a5-4ca0-ba16-1b9a90eb8bb5",
          "title": "template spec2",
          "fullFile": "",
          "file": "",
          "beforeHooks": [],
          "afterHooks": [],
          "tests": [
            {
              "title": "new test12",
              "fullTitle": "template spec2 new test12",
              "timedOut": null,
              "duration": 1074,
              "state": "passed",
              "speed": "fast",
              "pass": true,
              "fail": false,
              "pending": false,
              "context": null,
              "code": "cy.visit('https://example.cypress.io');",
              "err": {},
              "uuid": "a0ea73f2-76e2-4106-a12b-f4549d48b613",
              "parentUUID": "1eb07d78-32a5-4ca0-ba16-1b9a90eb8bb5",
              "isHook": false,
              "skipped": false
            }
          ],
          "suites": [],
          "passes": [
            "a0ea73f2-76e2-4106-a12b-f4549d48b613"
          ],
          "failures": [],
          "pending": [],
          "skipped": [],
          "duration": 1074,
          "root": false,
          "rootEmpty": false,
          "_timeout": 2000
        }
      ],
      "passes": [],
      "failures": [],
      "pending": [],
      "skipped": [],
      "duration": 0,
      "root": true,
      "rootEmpty": true,
      "_timeout": 2000
    }
  ],
  "meta": {
    "mocha": {
      "version": "7.0.1"
    },
    "mochawesome": {
      "options": {
        "quiet": false,
        "reportFilename": "mochawesome",
        "saveHtml": true,
        "saveJson": true,
        "consoleReporter": "spec",
        "useInlineDiffs": false,
        "code": true
      },
      "version": "7.1.3"
    },
    "marge": {
      "options": {
        "reportDir": "cypress/results",
        "overwrite": false,
        "html": true,
        "json": true
      },
      "version": "6.2.0"
    }
  }
}